<?xml version="1.0" encoding="UTF-8"?>
<!-- Generated by org.testng.reporters.JUnitReportReporter -->
<testsuite hostname="LAPTOP-B82MBQKE" failures="0" tests="4" name="weatherApi.WeatherApiCalls" time="2.478" errors="0" timestamp="21 Sep 2021 10:32:45 GMT" skipped="1">
  <testcase classname="weatherApi.WeatherApiCalls" name="gettingWeatherInfo2" time="0.265"/>
  <testcase classname="weatherApi.WeatherApiCalls" name="gettingWeatherInfo4" time="0.263"/>
  <testcase classname="weatherApi.WeatherApiCalls" name="gettingWeatherInfo" time="1.950"/>
  <testcase classname="weatherApi.WeatherApiCalls" name="gettingWeatherInfo3">
    <skipped/>
  </testcase> <!-- gettingWeatherInfo3 -->
</testsuite> <!-- weatherApi.WeatherApiCalls -->
