<?xml version="1.0" encoding="UTF-8"?>
<!-- Generated by org.testng.reporters.JUnitReportReporter -->
<testsuite hostname="LAPTOP-B82MBQKE" failures="0" tests="2" name="gitHub.GitHubExample" time="3.070" errors="0" timestamp="21 Sep 2021 12:05:11 GMT" skipped="1">
  <testcase classname="gitHub.GitHubExample" name="createRepository" time="3.070"/>
  <testcase classname="gitHub.GitHubExample" name="getAllRepositories">
    <skipped/>
  </testcase> <!-- getAllRepositories -->
</testsuite> <!-- gitHub.GitHubExample -->
