<?xml version="1.0" encoding="UTF-8"?>
<!-- Generated by org.testng.reporters.JUnitReportReporter -->
<testsuite hostname="LAPTOP-B82MBQKE" failures="0" tests="5" name="contactListApi.NegativeTest" time="4.430" errors="0" timestamp="21 Sep 2021 09:33:55 GMT" skipped="1">
  <testcase classname="contactListApi.NegativeTest" name="addInvalidCharacter" time="0.781"/>
  <testcase classname="contactListApi.NegativeTest" name="addContactWithMoreSize" time="2.363"/>
  <testcase classname="contactListApi.NegativeTest" name="addNameWithInvalidFirstName" time="0.707"/>
  <testcase classname="contactListApi.NegativeTest" name="getSpecificContact" time="0.579"/>
  <testcase classname="contactListApi.NegativeTest" name="addContactWithMissingEmailID">
    <skipped/>
  </testcase> <!-- addContactWithMissingEmailID -->
</testsuite> <!-- contactListApi.NegativeTest -->
