<?xml version="1.0" encoding="UTF-8"?>
<!-- Generated by org.testng.reporters.JUnitReportReporter -->
<testsuite hostname="LAPTOP-B82MBQKE" failures="0" tests="5" name="contactListApi.PostiveTests" time="4.477" errors="0" timestamp="21 Sep 2021 07:22:33 GMT" skipped="1">
  <testcase classname="contactListApi.PostiveTests" name="addContact" time="2.551"/>
  <testcase classname="contactListApi.PostiveTests" name="getSpecificContact" time="0.738"/>
  <testcase classname="contactListApi.PostiveTests" name="deleteContact" time="0.609"/>
  <testcase classname="contactListApi.PostiveTests" name="updateContact" time="0.579"/>
  <testcase classname="contactListApi.PostiveTests" name="gettingAllContact">
    <skipped/>
  </testcase> <!-- gettingAllContact -->
</testsuite> <!-- contactListApi.PostiveTests -->
